\BOOKMARK [1][-]{section.1}{\376\377\000O\000v\000e\000r\000v\000i\000e\000w}{}% 1
\BOOKMARK [1][-]{section.2}{\376\377\000G\000o\000a\000l\000s\000\040\000a\000n\000d\000\040\000N\000o\000n\000-\000G\000o\000a\000l\000s}{}% 2
\BOOKMARK [2][-]{subsection.2.1}{\376\377\000G\000o\000a\000l\000s}{section.2}% 3
\BOOKMARK [2][-]{subsection.2.2}{\376\377\000N\000o\000n\000-\000G\000o\000a\000l\000s}{section.2}% 4
\BOOKMARK [1][-]{section.3}{\376\377\000H\000i\000g\000h\000-\000L\000e\000v\000e\000l\000\040\000A\000r\000c\000h\000i\000t\000e\000c\000t\000u\000r\000e}{}% 5
\BOOKMARK [1][-]{section.4}{\376\377\000I\000R\000\040\000R\000e\000q\000u\000i\000r\000e\000m\000e\000n\000t\000s}{}% 6
\BOOKMARK [1][-]{section.5}{\376\377\000P\000y\000t\000h\000o\000n\000\040\000B\000i\000n\000d\000i\000n\000g\000s\000\040\000f\000o\000r\000\040\000t\000h\000e\000\040\000D\000i\000a\000l\000e\000c\000t}{}% 7
\BOOKMARK [2][-]{subsection.5.1}{\376\377\000R\000e\000q\000u\000i\000r\000e\000m\000e\000n\000t\000s}{section.5}% 8
\BOOKMARK [2][-]{subsection.5.2}{\376\377\000R\000e\000s\000u\000l\000t}{section.5}% 9
\BOOKMARK [1][-]{section.6}{\376\377\000F\000r\000o\000n\000t\000e\000n\000d\000\040\000D\000e\000s\000i\000g\000n}{}% 10
\BOOKMARK [2][-]{subsection.6.1}{\376\377\000P\000a\000c\000k\000a\000g\000e\000\040\000L\000a\000y\000o\000u\000t}{section.6}% 11
\BOOKMARK [2][-]{subsection.6.2}{\376\377\000S\000u\000p\000p\000o\000r\000t\000e\000d\000\040\000S\000u\000b\000s\000e\000t\000\040\000o\000f\000\040\000s\000h\000m\000e\000m\0004\000p\000y}{section.6}% 12
\BOOKMARK [2][-]{subsection.6.3}{\376\377\000A\000S\000T\000\040\000t\000o\000\040\000M\000L\000I\000R\000\040\000M\000a\000p\000p\000i\000n\000g}{section.6}% 13
\BOOKMARK [1][-]{section.7}{\376\377\000I\000n\000t\000e\000g\000r\000a\000t\000i\000o\000n\000\040\000w\000i\000t\000h\000\040\000s\000h\000m\000e\000m\0004\000p\000y}{}% 14
\BOOKMARK [2][-]{subsection.7.1}{\376\377\000O\000f\000f\000l\000i\000n\000e\000\040\000C\000o\000m\000p\000i\000l\000a\000t\000i\000o\000n}{section.7}% 15
\BOOKMARK [2][-]{subsection.7.2}{\376\377\000O\000p\000t\000i\000o\000n\000a\000l\000\040\000J\000I\000T\000\040\000M\000o\000d\000e}{section.7}% 16
\BOOKMARK [1][-]{section.8}{\376\377\000B\000a\000c\000k\000e\000n\000d\000\040\000S\000t\000r\000a\000t\000e\000g\000y}{}% 17
\BOOKMARK [2][-]{subsection.8.1}{\376\377\000C\000P\000U\000\040\000O\000p\000e\000n\000S\000H\000M\000E\000M}{section.8}% 18
\BOOKMARK [2][-]{subsection.8.2}{\376\377\000F\000u\000t\000u\000r\000e\000\040\000N\000V\000S\000H\000M\000E\000M\000/\000G\000P\000U\000\040\000S\000u\000p\000p\000o\000r\000t}{section.8}% 19
\BOOKMARK [1][-]{section.9}{\376\377\000R\000o\000a\000d\000m\000a\000p}{}% 20
\BOOKMARK [2][-]{subsection.9.1}{\376\377\000P\000h\000a\000s\000e\000\040\0000\000:\000\040\000P\000r\000e\000p\000a\000r\000a\000t\000o\000r\000y\000\040\000W\000o\000r\000k}{section.9}% 21
\BOOKMARK [2][-]{subsection.9.2}{\376\377\000P\000h\000a\000s\000e\000\040\0001\000:\000\040\000P\000y\000t\000h\000o\000n\000\040\000B\000i\000n\000d\000i\000n\000g\000s}{section.9}% 22
\BOOKMARK [2][-]{subsection.9.3}{\376\377\000P\000h\000a\000s\000e\000\040\0002\000:\000\040\000M\000i\000n\000i\000m\000a\000l\000\040\000F\000r\000o\000n\000t\000e\000n\000d}{section.9}% 23
\BOOKMARK [2][-]{subsection.9.4}{\376\377\000P\000h\000a\000s\000e\000\040\0003\000:\000\040\000O\000p\000t\000i\000m\000i\000z\000a\000t\000i\000o\000n\000\040\000+\000\040\000B\000a\000c\000k\000e\000n\000d}{section.9}% 24
\BOOKMARK [2][-]{subsection.9.5}{\376\377\000P\000h\000a\000s\000e\000\040\0004\000:\000\040\000E\000x\000t\000e\000n\000s\000i\000o\000n\000s\000\040\000a\000n\000d\000\040\000N\000V\000S\000H\000M\000E\000M}{section.9}% 25
\BOOKMARK [1][-]{section.10}{\376\377\000C\000o\000n\000c\000l\000u\000s\000i\000o\000n}{}% 26
